\BOOKMARK [0][-]{chapter.1}{\376\377\0001\000\040\000P\000r\000o\000j\000e\000c\000t\000\040\000`\000\250\000T\000r\000i\000g\000o\000n\000o\000m\000e\000t\000r\000i\000x\000\040\000s\000u\000m\000s\000`\000\250}{}% 1
\BOOKMARK [0][-]{chapter.2}{\376\377\0002\000\040\000B\000u\000g\000\040\000L\000i\000s\000t}{}% 2
\BOOKMARK [0][-]{chapter.3}{\376\377\0003\000\040\000F\000i\000l\000e\000\040\000I\000n\000d\000e\000x}{}% 3
\BOOKMARK [1][-]{section.3.1}{\376\377\0003\000.\0001\000\040\000F\000i\000l\000e\000\040\000L\000i\000s\000t}{chapter.3}% 4
\BOOKMARK [0][-]{chapter.4}{\376\377\0004\000\040\000F\000i\000l\000e\000\040\000D\000o\000c\000u\000m\000e\000n\000t\000a\000t\000i\000o\000n}{}% 5
\BOOKMARK [1][-]{section.4.1}{\376\377\0004\000.\0001\000\040\000t\000r\000g\000s\000u\000m\000.\000c\000\040\000F\000i\000l\000e\000\040\000R\000e\000f\000e\000r\000e\000n\000c\000e}{chapter.4}% 6
\BOOKMARK [2][-]{subsection.4.1.1}{\376\377\0004\000.\0001\000.\0001\000\040\000D\000e\000t\000a\000i\000l\000e\000d\000\040\000D\000e\000s\000c\000r\000i\000p\000t\000i\000o\000n}{section.4.1}% 7
\BOOKMARK [2][-]{subsection.4.1.2}{\376\377\0004\000.\0001\000.\0002\000\040\000F\000u\000n\000c\000t\000i\000o\000n\000\040\000D\000o\000c\000u\000m\000e\000n\000t\000a\000t\000i\000o\000n}{section.4.1}% 8
\BOOKMARK [3][-]{subsubsection.4.1.2.1}{\376\377\0004\000.\0001\000.\0002\000.\0001\000\040\000t\000r\000g\000\137\000d\000\137\000s\000\137\000g\000o\000e\000r\000t\000z\000e\000l\000\050\000\051}{subsection.4.1.2}% 9
\BOOKMARK [3][-]{subsubsection.4.1.2.2}{\376\377\0004\000.\0001\000.\0002\000.\0002\000\040\000t\000r\000g\000\137\000d\000\137\000s\000\137\000r\000e\000i\000n\000s\000c\000h\000\050\000\051}{subsection.4.1.2}% 10
\BOOKMARK [3][-]{subsubsection.4.1.2.3}{\376\377\0004\000.\0001\000.\0002\000.\0003\000\040\000t\000r\000g\000\137\000d\000\137\000v\000\137\000g\000o\000e\000r\000t\000z\000e\000l\000\050\000\051}{subsection.4.1.2}% 11
\BOOKMARK [3][-]{subsubsection.4.1.2.4}{\376\377\0004\000.\0001\000.\0002\000.\0004\000\040\000t\000r\000g\000\137\000d\000\137\000v\000\137\000r\000e\000i\000n\000s\000c\000h\000\050\000\051}{subsection.4.1.2}% 12
\BOOKMARK [1][-]{section.4.2}{\376\377\0004\000.\0002\000\040\000t\000r\000g\000s\000u\000m\000.\000h\000\040\000F\000i\000l\000e\000\040\000R\000e\000f\000e\000r\000e\000n\000c\000e}{chapter.4}% 13
\BOOKMARK [2][-]{subsection.4.2.1}{\376\377\0004\000.\0002\000.\0001\000\040\000D\000e\000t\000a\000i\000l\000e\000d\000\040\000D\000e\000s\000c\000r\000i\000p\000t\000i\000o\000n}{section.4.2}% 14
\BOOKMARK [2][-]{subsection.4.2.2}{\376\377\0004\000.\0002\000.\0002\000\040\000F\000u\000n\000c\000t\000i\000o\000n\000\040\000D\000o\000c\000u\000m\000e\000n\000t\000a\000t\000i\000o\000n}{section.4.2}% 15
\BOOKMARK [3][-]{subsubsection.4.2.2.1}{\376\377\0004\000.\0002\000.\0002\000.\0001\000\040\000t\000r\000g\000\137\000d\000\137\000s\000\137\000g\000o\000e\000r\000t\000z\000e\000l\000\050\000\051}{subsection.4.2.2}% 16
\BOOKMARK [3][-]{subsubsection.4.2.2.2}{\376\377\0004\000.\0002\000.\0002\000.\0002\000\040\000t\000r\000g\000\137\000d\000\137\000s\000\137\000r\000e\000i\000n\000s\000c\000h\000\050\000\051}{subsection.4.2.2}% 17
\BOOKMARK [3][-]{subsubsection.4.2.2.3}{\376\377\0004\000.\0002\000.\0002\000.\0003\000\040\000t\000r\000g\000\137\000d\000\137\000v\000\137\000g\000o\000e\000r\000t\000z\000e\000l\000\050\000\051}{subsection.4.2.2}% 18
\BOOKMARK [3][-]{subsubsection.4.2.2.4}{\376\377\0004\000.\0002\000.\0002\000.\0004\000\040\000t\000r\000g\000\137\000d\000\137\000v\000\137\000r\000e\000i\000n\000s\000c\000h\000\050\000\051}{subsection.4.2.2}% 19
\BOOKMARK [0][-]{section*.5}{\376\377\000I\000n\000d\000e\000x}{}% 20
